[www.nequi.com.co/index.html]
[backblue.gif]
[fade.gif]
[index.html]
[assets-global.website-files.com/6317a229ebf7723658463b4b/css/nequi-colombia.d21c6c9d6.min.css]
[ajax.googleapis.com/ajax/libs/webfont/1.6.26/webfont.js]
[fonts.googleapis.com/index.html]
[assets-global.website-files.com/6317a229ebf7723658463b4b/637e2e87f3ef8368d6cd1db4_Icon-Nequi-32x32.png]
[assets-global.website-files.com/6317a229ebf7723658463b4b/637e2e8fa681cfbbe4b0caf0_Icon-Nequi-256x256.png]
[www.google.com/recaptcha/api.js]
[www.googletagmanager.com/ns1284.html]
[assets-global.website-files.com/6317a229ebf7723658463b4b/631b991aff307a018c353dcd_Logo-Nequi.svg]
[assets-global.website-files.com/6317a229ebf7723658463b4b/632250be815e355808f41b1f_colombia.png]
[assets-global.website-files.com/6317a229ebf7723658463b4b/63507047604e3fd408d2209b_PA - Panama.svg]
[www.nequi.com.pa/index.html]
[www.nequi.com.co/usa-tu-plata.html]
[www.nequi.com.co/tarjeta-nequi.html]
[www.nequi.com.co/nequi-nomina.html]
[www.nequi.com.co/tarifas-nequi.html]
[www.nequi.com.co/paga-con-nequi.html]
[www.nequi.com.co/promociones.html]
[www.nequi.com.co/usa-qr.html]
[www.nequi.com.co/prestamo-propulsor.html]
[www.nequi.com.co/prestamo-salvavidas.html]
[www.nequi.com.co/paypal.html]
[www.nequi.com.co/remesas.html]
[www.nequi.com.co/segurisimo.html]
[www.nequi.com.co/negocios.html]
[ayuda.nequi.com.co/hc/es.17.delayed]
[www.nequi.com.co/blog.html]
[www.nequi.com.co/roberto-hurtado-tips-de-seguridad.html]
[www.nequi.com.co/status.html]
[www.nequi.com.co/somos-nequi.html]
[www.nequi.com.co/nequi-trabaja-con-nosotros.html]
[comunidad.nequi.co/index.html]
[www.nequi.com.co/sala-de-prensa.html]
[www.nequi.com.co/comunicados.html]
[transacciones.nequi.com/bdigital/login.html]
[assets-global.website-files.com/6317a229ebf7723658463b4b/64f7418c5eaac06288a3b4ae_NFC_Lines 2_1.gif]
[recarga.nequi.com.co/bdigitalpsl/index.html]
[assets-global.website-files.com/6317a229ebf7723658463b4b/64f7496b0eea1d19a9baf5f0_logos 1.svg]
[assets-global.website-files.com/6317a229ebf7723658463b4b/6514a148a8f4c018f7fe30cb_Piezas_torneo_texto 2.svg]
[assets-global.website-files.com/6317a229ebf7723658463b4b/6514a3363014c1d6ae0972ac_Piezas_torneo_texto 1 (1).svg]
[www.nequi.com.co/promociones/busqueda-de-leyendas.html]
[assets-global.website-files.com/6317a229ebf7723658463b4b/636d1ce49aae2859f73f2392_PayPal Card.jpg]
[assets-global.website-files.com/6317a229ebf7723658463b4b/636d1f319aae2877e73f5c26_Tarjeta Nequi Card.jpg]
[assets-global.website-files.com/6317a229ebf7723658463b4b/636d1e084818143bd927d0de_Viajes Card.jpg]
[assets-global.website-files.com/6317a229ebf7723658463b4b/636d1ec966259844c3060429_Propulsor Card.jpg]
[assets-global.website-files.com/6317a229ebf7723658463b4b/636d56a547acd70df726cbc1_PayPal B.svg]
[ayuda.nequi.com.co/hc/es/categories/115000186032-Unirme-a-Nequi.2c.delayed]
[assets-global.website-files.com/6317a229ebf7723658463b4b/6321f0e81293be1fd01cb68a_icon-nav.png]
[assets-global.website-files.com/6317a229ebf7723658463b4b/63612f17037650209b4de085_pictogram-marranito.svg]
[ayuda.nequi.com.co/hc/es/categories/115000186072-Ponerle-plata-a-mi-Nequi.2f.delayed]
[assets-global.website-files.com/6317a229ebf7723658463b4b/636d57187d430796b94953de_Usar B.svg]
[ayuda.nequi.com.co/hc/es/categories/115000186491-Usar-mi-plata.31.delayed]
[assets-global.website-files.com/6317a229ebf7723658463b4b/636d4c1a5e9b046cb05d986d_Icon-Paypal.svg]
[assets-global.website-files.com/6317a229ebf7723658463b4b/638801d9e20a48020811a40a_Viajes.svg]
[assets-global.website-files.com/6317a229ebf7723658463b4b/638803d6977ba054e344e321_Remsas Ria.svg]
[assets-global.website-files.com/6317a229ebf7723658463b4b/6388029e066e0e7c36d9e23d_Entretenimiento.svg]
[assets-global.website-files.com/6317a229ebf7723658463b4b/636d20db6f3ffa21b47422fa_Metas Card Blog.jpg]
[www.nequi.com.co/blog/como-pedir-un-prestamo-libre-de-estres-6-pasos-para-lograrlo.html]
[assets-global.website-files.com/6317a229ebf7723658463b4b/636d24ee3bfcc7231eb8e926_PPropulsor Card Blog.jpg]
[assets-global.website-files.com/6317a229ebf7723658463b4b/636d25c058f760ceffb3b1ca_Inflación Blog.jpg]
[ayuda.nequi.com.co/hc/es/articles/360058738231-Chatea-con-nosotr-s.45.delayed]
[comunidad.nequi.co/foros/categoria/nequi-en-la-calle/index.html]
[twitter.com/Nequi.47.delayed]
[www.instagram.com/nequi_/index.html]
[www.facebook.com/appnequi/index.html]
[www.youtube.com/channel/UCK1dLH3nTK-GOlgSVa95XNg/feed.html]
[assets-global.website-files.com/6317a229ebf7723658463b4b/6324ac156ba1f635d51c77cb_vigilado.png]
[assets-global.website-files.com/6317a229ebf7723658463b4b/63224a7a42086f45307c389a_logo-white-nequi.svg]
[assets-global.website-files.com/6317a229ebf7723658463b4b/635046d0dfea66311395fdf5_badges.svg]
[play.google.com/store/apps/details3646.html]
[assets-global.website-files.com/6317a229ebf7723658463b4b/63504720dca6523f6cdfb8ec_badges-os.svg]
[apps.apple.com/co/app/nequi-colombia/id1075378688.html]
[assets-global.website-files.com/6317a229ebf7723658463b4b/63504755c1b5bd3b54c1d834_Group 6965.svg]
[assets-global.website-files.com/6317a229ebf7723658463b4b/64834825070a7a01bc49708d_by bancolombia.svg]
[appgallery.huawei.com/index.html]
[www.nequi.com.co/legal-web/condiciones-de-uso-de-la-pagina-web.html]
[www.nequi.com.co/legal-web/tratamiento-de-datos-personales-nequi.html]
[www.nequi.com.co/informacion-legal.html]
[www.nequi.com.co/informacion-legal/defensor-del-consumidor-financiero-de-nequi.html]
[www.nequi.com.co/legal-tarjeta-nequi/terminos-y-condiciones-de-tarjeta-nequi.html]
[assets-global.website-files.com/6317a229ebf7723658463b4b/635aede4a86f57af59e2fad9_icon-tw.svg]
[assets-global.website-files.com/6317a229ebf7723658463b4b/635aede4eeb8efc10625fa0d_icon-inst.svg]
[assets-global.website-files.com/6317a229ebf7723658463b4b/635aede4c5b7d701cd062294_icon-ln.svg]
[assets-global.website-files.com/6317a229ebf7723658463b4b/635aede4c30a2342793554be_icon-youtube.svg]
[assets-global.website-files.com/6317a229ebf7723658463b4b/63adbc387013f8940976c023_TikTok_Mesa de trabajo 1.svg]
[d3e54v103j8qbb.cloudfront.net/js/jquery-3.5.1.min.dc5e7f18c8d2b6.js]
[assets-global.website-files.com/6317a229ebf7723658463b4b/js/nequi-colombia.9f5f11a31.js]
[www.nequi.com.co/index.html]
[assets-global.website-files.com/6317a229ebf7723658463b4b/css/nequi-colombia.d21c6c9d6.min.css]
[static.zdassets.com/ekr/snippet617c.js]
[fonts.googleapis.com/index.html]
[fonts.gstatic.com/index.html]
[www.googletagmanager.com/gtm5445.html]
[www.googletagmanager.com/ns1284.html]
[assets-global.website-files.com/6317a229ebf7723658463b4b/631b991aff307a018c353dcd_Logo-Nequi.svg]
[www.nequi.com.pa/index.html]
[assets-global.website-files.com/6317a229ebf7723658463b4b/63507047604e3fd408d2209b_PA - Panama.svg]
[www.nequi.com.co/usa-tu-plata.html]
[www.nequi.com.co/tarjeta-nequi.html]
[www.nequi.com.co/nequi-nomina.html]
[www.nequi.com.co/tarifas-nequi.html]
[www.nequi.com.co/paga-con-nequi.html]
[www.nequi.com.co/promociones.html]
[www.nequi.com.co/usa-qr.html]
[www.nequi.com.co/prestamo-propulsor.html]
[www.nequi.com.co/prestamo-salvavidas.html]
[www.nequi.com.co/paypal.html]
[www.nequi.com.co/remesas.html]
[www.nequi.com.co/segurisimo.html]
[www.nequi.com.co/negocios.html]
[ayuda.nequi.com.co/hc/es.html]
[www.nequi.com.co/blog.html]
[comunidad.nequi.co/index.html]
[www.nequi.com.co/roberto-hurtado-tips-de-seguridad.html]
[www.nequi.com.co/status.html]
[www.nequi.com.co/somos-nequi.html]
[www.nequi.com.co/nequi-trabaja-con-nosotros.html]
[www.nequi.com.co/sala-de-prensa.html]
[www.nequi.com.co/comunicados.html]
[transacciones.nequi.com/bdigital/login.html]
[recarga.nequi.com.co/bdigitalpsl/index.html]
[assets-global.website-files.com/6317a229ebf7723658463b4b/64f7496b0eea1d19a9baf5f0_logos 1.svg]
[assets-global.website-files.com/6317a229ebf7723658463b4b/6514a148a8f4c018f7fe30cb_Piezas_torneo_texto 2.svg]
[assets-global.website-files.com/6317a229ebf7723658463b4b/6514a3363014c1d6ae0972ac_Piezas_torneo_texto 1 (1).svg]
[www.nequi.com.co/promociones/busqueda-de-leyendas.html]
[assets-global.website-files.com/6317a229ebf7723658463b4b/636d56a547acd70df726cbc1_PayPal B.svg]
[ayuda.nequi.com.co/hc/es/categories/115000186032-Unirme-a-Nequi.html]
[assets-global.website-files.com/6317a229ebf7723658463b4b/63612f17037650209b4de085_pictogram-marranito.svg]
[ayuda.nequi.com.co/hc/es/categories/115000186072-Ponerle-plata-a-mi-Nequi.html]
[assets-global.website-files.com/6317a229ebf7723658463b4b/636d57187d430796b94953de_Usar B.svg]
[ayuda.nequi.com.co/hc/es/categories/115000186491-Usar-mi-plata.html]
[assets-global.website-files.com/6317a229ebf7723658463b4b/6388043023abc422c3622338_Group 6897.svg]
[assets-global.website-files.com/6317a229ebf7723658463b4b/631a1682ebb2d36f0b5be063_Vector.svg]
[assets-global.website-files.com/6317a229ebf7723658463b4b/6387ff78dac7da43536edbfd_Recarga.svg]
[assets-global.website-files.com/6317a229ebf7723658463b4b/636d4c1a5e9b046cb05d986d_Icon-Paypal.svg]
[assets-global.website-files.com/6317a229ebf7723658463b4b/638801d9e20a48020811a40a_Viajes.svg]
[assets-global.website-files.com/6317a229ebf7723658463b4b/638803d6977ba054e344e321_Remsas Ria.svg]
[assets-global.website-files.com/6317a229ebf7723658463b4b/6388029e066e0e7c36d9e23d_Entretenimiento.svg]
[metidasdeplata.nequi.com.co/index.html]
[www.nequi.com.co/blog/como-pedir-un-prestamo-libre-de-estres-6-pasos-para-lograrlo.html]
[comunidad.nequi.co/categories/cuenta-nequi.html]
[comunidad.nequi.co/categories/asi-usamos-nequi.html]
[comunidad.nequi.co/foros/categoria/nequi-en-la-calle/index.html]
[ayuda.nequi.com.co/hc/es/articles/360058738231-Chatea-con-nosotr-s.html]
[www.instagram.com/nequi_/index.html]
[www.linkedin.com/company/nequi/mycompany/index.html]
[www.facebook.com/appnequi/index.html]
[www.youtube.com/channel/UCK1dLH3nTK-GOlgSVa95XNg/feed.html]
[assets-global.website-files.com/6317a229ebf7723658463b4b/63224a7a42086f45307c389a_logo-white-nequi.svg]
[play.google.com/store/apps/details3646.html]
[assets-global.website-files.com/6317a229ebf7723658463b4b/635046d0dfea66311395fdf5_badges.svg]
[apps.apple.com/co/app/nequi-colombia/id1075378688.html]
[assets-global.website-files.com/6317a229ebf7723658463b4b/63504720dca6523f6cdfb8ec_badges-os.svg]
[appgallery.huawei.com/index.html]
[assets-global.website-files.com/6317a229ebf7723658463b4b/63504755c1b5bd3b54c1d834_Group 6965.svg]
[assets-global.website-files.com/6317a229ebf7723658463b4b/64834825070a7a01bc49708d_by bancolombia.svg]
[www.nequi.com.co/legal-web/condiciones-de-uso-de-la-pagina-web.html]
[www.nequi.com.co/legal-web/tratamiento-de-datos-personales-nequi.html]
[www.nequi.com.co/informacion-legal.html]
[www.nequi.com.co/informacion-legal/defensor-del-consumidor-financiero-de-nequi.html]
[www.nequi.com.co/legal-tarjeta-nequi/terminos-y-condiciones-de-tarjeta-nequi.html]
[assets-global.website-files.com/6317a229ebf7723658463b4b/635aede4a86f57af59e2fad9_icon-tw.svg]
[assets-global.website-files.com/6317a229ebf7723658463b4b/635aede4eeb8efc10625fa0d_icon-inst.svg]
[assets-global.website-files.com/6317a229ebf7723658463b4b/635aede45ceb636ffbe6f699_icon-face.svg]
[assets-global.website-files.com/6317a229ebf7723658463b4b/635aede4c5b7d701cd062294_icon-ln.svg]
[assets-global.website-files.com/6317a229ebf7723658463b4b/635aede4c30a2342793554be_icon-youtube.svg]
[assets-global.website-files.com/6317a229ebf7723658463b4b/63adbc387013f8940976c023_TikTok_Mesa de trabajo 1.svg]
[www.nequi.com.co/emprendimiento.html]
[www.nequi.com.co/blog/como-ahorrar-cuando-me-hacen-falta-ganas-y-voluntad.html]
[www.nequi.com.co/blog/tips-para-hacerle-el-quite-a-la-inflacion.html]
[www.tiktok.com/@appnequi_b04a]
[www.grupobancolombia.com/index.html]
